{"C:\\Users\\arian\\skytraq\\server\\src\\app.js": {"path":"C:\\Users\\arian\\skytraq\\server\\src\\app.js","statementMap":{"0":{"start":{"line":1,"column":16},"end":{"line":1,"column":34}},"1":{"start":{"line":2,"column":13},"end":{"line":2,"column":28}},"2":{"start":{"line":3,"column":15},"end":{"line":3,"column":34}},"3":{"start":{"line":5,"column":12},"end":{"line":5,"column":21}},"4":{"start":{"line":7,"column":0},"end":{"line":7,"column":16}},"5":{"start":{"line":8,"column":0},"end":{"line":8,"column":24}},"6":{"start":{"line":10,"column":0},"end":{"line":10,"column":24}},"7":{"start":{"line":12,"column":0},"end":{"line":14,"column":1}},"8":{"start":{"line":13,"column":2},"end":{"line":13,"column":61}},"9":{"start":{"line":13,"column":25},"end":{"line":13,"column":59}},"10":{"start":{"line":16,"column":0},"end":{"line":16,"column":21}}},"fnMap":{"0":{"name":"(anonymous_0)","decl":{"start":{"line":13,"column":19},"end":{"line":13,"column":20}},"loc":{"start":{"line":13,"column":25},"end":{"line":13,"column":59}},"line":13}},"branchMap":{"0":{"loc":{"start":{"line":12,"column":0},"end":{"line":14,"column":1}},"type":"if","locations":[{"start":{"line":12,"column":0},"end":{"line":14,"column":1}},{"start":{},"end":{}}],"line":12}},"s":{"0":1,"1":1,"2":1,"3":1,"4":1,"5":1,"6":1,"7":1,"8":0,"9":0,"10":1},"f":{"0":0},"b":{"0":[0,1]},"_coverageSchema":"1a1c01bbd47fc00a2c39e90264f33305004495a9","hash":"0edf1ca738dacd93a27753df68cc23b08d8a70d1"}
,"C:\\Users\\arian\\skytraq\\server\\src\\controller.js": {"path":"C:\\Users\\arian\\skytraq\\server\\src\\controller.js","statementMap":{"0":{"start":{"line":1,"column":18},"end":{"line":1,"column":35}},"1":{"start":{"line":2,"column":23},"end":{"line":2,"column":38}},"2":{"start":{"line":6,"column":19},"end":{"line":6,"column":45}},"3":{"start":{"line":7,"column":19},"end":{"line":7,"column":45}},"4":{"start":{"line":8,"column":13},"end":{"line":8,"column":44}},"5":{"start":{"line":9,"column":2},"end":{"line":9,"column":29}},"6":{"start":{"line":9,"column":16},"end":{"line":9,"column":29}},"7":{"start":{"line":10,"column":2},"end":{"line":10,"column":14}},"8":{"start":{"line":13,"column":22},"end":{"line":29,"column":1}},"9":{"start":{"line":15,"column":15},"end":{"line":15,"column":44}},"10":{"start":{"line":16,"column":16},"end":{"line":16,"column":47}},"11":{"start":{"line":17,"column":21},"end":{"line":17,"column":39}},"12":{"start":{"line":18,"column":19},"end":{"line":18,"column":31}},"13":{"start":{"line":20,"column":21},"end":{"line":20,"column":43}},"14":{"start":{"line":21,"column":17},"end":{"line":21,"column":84}},"15":{"start":{"line":21,"column":48},"end":{"line":21,"column":83}},"16":{"start":{"line":23,"column":2},"end":{"line":28,"column":5}},"17":{"start":{"line":31,"column":22},"end":{"line":42,"column":1}},"18":{"start":{"line":32,"column":18},"end":{"line":32,"column":40}},"19":{"start":{"line":33,"column":27},"end":{"line":33,"column":72}},"20":{"start":{"line":33,"column":47},"end":{"line":33,"column":71}},"21":{"start":{"line":34,"column":23},"end":{"line":34,"column":118}},"22":{"start":{"line":34,"column":59},"end":{"line":34,"column":114}},"23":{"start":{"line":36,"column":2},"end":{"line":41,"column":5}},"24":{"start":{"line":44,"column":22},"end":{"line":53,"column":1}},"25":{"start":{"line":45,"column":17},"end":{"line":45,"column":27}},"26":{"start":{"line":46,"column":21},"end":{"line":46,"column":43}},"27":{"start":{"line":47,"column":17},"end":{"line":47,"column":50}},"28":{"start":{"line":47,"column":38},"end":{"line":47,"column":49}},"29":{"start":{"line":49,"column":2},"end":{"line":51,"column":3}},"30":{"start":{"line":50,"column":4},"end":{"line":50,"column":65}},"31":{"start":{"line":52,"column":2},"end":{"line":52,"column":31}},"32":{"start":{"line":55,"column":21},"end":{"line":58,"column":1}},"33":{"start":{"line":56,"column":20},"end":{"line":56,"column":49}},"34":{"start":{"line":57,"column":2},"end":{"line":57,"column":34}},"35":{"start":{"line":60,"column":21},"end":{"line":71,"column":1}},"36":{"start":{"line":61,"column":17},"end":{"line":61,"column":27}},"37":{"start":{"line":62,"column":18},"end":{"line":62,"column":40}},"38":{"start":{"line":63,"column":16},"end":{"line":63,"column":51}},"39":{"start":{"line":63,"column":39},"end":{"line":63,"column":50}},"40":{"start":{"line":65,"column":2},"end":{"line":67,"column":3}},"41":{"start":{"line":66,"column":4},"end":{"line":66,"column":65}},"42":{"start":{"line":69,"column":2},"end":{"line":69,"column":58}},"43":{"start":{"line":70,"column":2},"end":{"line":70,"column":27}},"44":{"start":{"line":73,"column":21},"end":{"line":77,"column":1}},"45":{"start":{"line":74,"column":18},"end":{"line":74,"column":55}},"46":{"start":{"line":75,"column":2},"end":{"line":75,"column":77}},"47":{"start":{"line":75,"column":16},"end":{"line":75,"column":77}},"48":{"start":{"line":76,"column":2},"end":{"line":76,"column":25}},"49":{"start":{"line":81,"column":17},"end":{"line":100,"column":1}},"50":{"start":{"line":82,"column":49},"end":{"line":82,"column":57}},"51":{"start":{"line":85,"column":2},"end":{"line":87,"column":3}},"52":{"start":{"line":86,"column":4},"end":{"line":86,"column":73}},"53":{"start":{"line":90,"column":18},"end":{"line":96,"column":3}},"54":{"start":{"line":98,"column":2},"end":{"line":98,"column":29}},"55":{"start":{"line":99,"column":2},"end":{"line":99,"column":144}},"56":{"start":{"line":102,"column":14},"end":{"line":113,"column":1}},"57":{"start":{"line":103,"column":30},"end":{"line":103,"column":38}},"58":{"start":{"line":104,"column":15},"end":{"line":104,"column":47}},"59":{"start":{"line":106,"column":2},"end":{"line":108,"column":3}},"60":{"start":{"line":107,"column":4},"end":{"line":107,"column":68}},"61":{"start":{"line":111,"column":19},"end":{"line":111,"column":78}},"62":{"start":{"line":112,"column":2},"end":{"line":112,"column":72}},"63":{"start":{"line":115,"column":0},"end":{"line":119,"column":2}}},"fnMap":{"0":{"name":"getMinutesBetween","decl":{"start":{"line":5,"column":9},"end":{"line":5,"column":26}},"loc":{"start":{"line":5,"column":37},"end":{"line":11,"column":1}},"line":5},"1":{"name":"(anonymous_1)","decl":{"start":{"line":13,"column":22},"end":{"line":13,"column":23}},"loc":{"start":{"line":13,"column":36},"end":{"line":29,"column":1}},"line":13},"2":{"name":"(anonymous_2)","decl":{"start":{"line":21,"column":38},"end":{"line":21,"column":39}},"loc":{"start":{"line":21,"column":48},"end":{"line":21,"column":83}},"line":21},"3":{"name":"(anonymous_3)","decl":{"start":{"line":31,"column":22},"end":{"line":31,"column":23}},"loc":{"start":{"line":31,"column":36},"end":{"line":42,"column":1}},"line":31},"4":{"name":"(anonymous_4)","decl":{"start":{"line":33,"column":42},"end":{"line":33,"column":43}},"loc":{"start":{"line":33,"column":47},"end":{"line":33,"column":71}},"line":33},"5":{"name":"(anonymous_5)","decl":{"start":{"line":34,"column":47},"end":{"line":34,"column":48}},"loc":{"start":{"line":34,"column":59},"end":{"line":34,"column":114}},"line":34},"6":{"name":"(anonymous_6)","decl":{"start":{"line":44,"column":22},"end":{"line":44,"column":23}},"loc":{"start":{"line":44,"column":36},"end":{"line":53,"column":1}},"line":44},"7":{"name":"(anonymous_7)","decl":{"start":{"line":47,"column":33},"end":{"line":47,"column":34}},"loc":{"start":{"line":47,"column":38},"end":{"line":47,"column":49}},"line":47},"8":{"name":"(anonymous_8)","decl":{"start":{"line":55,"column":21},"end":{"line":55,"column":22}},"loc":{"start":{"line":55,"column":35},"end":{"line":58,"column":1}},"line":55},"9":{"name":"(anonymous_9)","decl":{"start":{"line":60,"column":21},"end":{"line":60,"column":22}},"loc":{"start":{"line":60,"column":35},"end":{"line":71,"column":1}},"line":60},"10":{"name":"(anonymous_10)","decl":{"start":{"line":63,"column":34},"end":{"line":63,"column":35}},"loc":{"start":{"line":63,"column":39},"end":{"line":63,"column":50}},"line":63},"11":{"name":"(anonymous_11)","decl":{"start":{"line":73,"column":21},"end":{"line":73,"column":22}},"loc":{"start":{"line":73,"column":35},"end":{"line":77,"column":1}},"line":73},"12":{"name":"(anonymous_12)","decl":{"start":{"line":81,"column":17},"end":{"line":81,"column":18}},"loc":{"start":{"line":81,"column":31},"end":{"line":100,"column":1}},"line":81},"13":{"name":"(anonymous_13)","decl":{"start":{"line":102,"column":14},"end":{"line":102,"column":15}},"loc":{"start":{"line":102,"column":28},"end":{"line":113,"column":1}},"line":102}},"branchMap":{"0":{"loc":{"start":{"line":9,"column":2},"end":{"line":9,"column":29}},"type":"if","locations":[{"start":{"line":9,"column":2},"end":{"line":9,"column":29}},{"start":{},"end":{}}],"line":9},"1":{"loc":{"start":{"line":15,"column":15},"end":{"line":15,"column":44}},"type":"binary-expr","locations":[{"start":{"line":15,"column":15},"end":{"line":15,"column":39}},{"start":{"line":15,"column":43},"end":{"line":15,"column":44}}],"line":15},"2":{"loc":{"start":{"line":16,"column":16},"end":{"line":16,"column":47}},"type":"binary-expr","locations":[{"start":{"line":16,"column":16},"end":{"line":16,"column":41}},{"start":{"line":16,"column":45},"end":{"line":16,"column":47}}],"line":16},"3":{"loc":{"start":{"line":49,"column":2},"end":{"line":51,"column":3}},"type":"if","locations":[{"start":{"line":49,"column":2},"end":{"line":51,"column":3}},{"start":{},"end":{}}],"line":49},"4":{"loc":{"start":{"line":65,"column":2},"end":{"line":67,"column":3}},"type":"if","locations":[{"start":{"line":65,"column":2},"end":{"line":67,"column":3}},{"start":{},"end":{}}],"line":65},"5":{"loc":{"start":{"line":75,"column":2},"end":{"line":75,"column":77}},"type":"if","locations":[{"start":{"line":75,"column":2},"end":{"line":75,"column":77}},{"start":{},"end":{}}],"line":75},"6":{"loc":{"start":{"line":85,"column":2},"end":{"line":87,"column":3}},"type":"if","locations":[{"start":{"line":85,"column":2},"end":{"line":87,"column":3}},{"start":{},"end":{}}],"line":85},"7":{"loc":{"start":{"line":106,"column":2},"end":{"line":108,"column":3}},"type":"if","locations":[{"start":{"line":106,"column":2},"end":{"line":108,"column":3}},{"start":{},"end":{}}],"line":106},"8":{"loc":{"start":{"line":106,"column":6},"end":{"line":106,"column":41}},"type":"binary-expr","locations":[{"start":{"line":106,"column":6},"end":{"line":106,"column":11}},{"start":{"line":106,"column":15},"end":{"line":106,"column":41}}],"line":106}},"s":{"0":1,"1":1,"2":1,"3":1,"4":1,"5":1,"6":0,"7":1,"8":1,"9":1,"10":1,"11":1,"12":1,"13":1,"14":1,"15":1,"16":1,"17":1,"18":1,"19":1,"20":1,"21":1,"22":1,"23":1,"24":1,"25":2,"26":2,"27":2,"28":1,"29":2,"30":1,"31":1,"32":1,"33":1,"34":1,"35":1,"36":2,"37":2,"38":2,"39":1,"40":2,"41":1,"42":1,"43":1,"44":1,"45":2,"46":2,"47":1,"48":1,"49":1,"50":4,"51":4,"52":1,"53":3,"54":3,"55":3,"56":1,"57":2,"58":2,"59":2,"60":1,"61":1,"62":1,"63":1},"f":{"0":1,"1":1,"2":1,"3":1,"4":1,"5":1,"6":2,"7":1,"8":1,"9":2,"10":1,"11":2,"12":4,"13":2},"b":{"0":[0,1],"1":[1,0],"2":[1,0],"3":[1,1],"4":[1,1],"5":[1,1],"6":[1,3],"7":[1,1],"8":[2,1]},"_coverageSchema":"1a1c01bbd47fc00a2c39e90264f33305004495a9","hash":"11821fc92cfe0893b12b3b1b5eda23ac8c6b57da"}
,"C:\\Users\\arian\\skytraq\\server\\src\\data.js": {"path":"C:\\Users\\arian\\skytraq\\server\\src\\data.js","statementMap":{"0":{"start":{"line":1,"column":23},"end":{"line":1,"column":38}},"1":{"start":{"line":4,"column":14},"end":{"line":19,"column":1}},"2":{"start":{"line":21,"column":12},"end":{"line":21,"column":14}},"3":{"start":{"line":23,"column":0},"end":{"line":55,"column":2}},"4":{"start":{"line":25,"column":20},"end":{"line":25,"column":27}},"5":{"start":{"line":26,"column":25},"end":{"line":26,"column":55}},"6":{"start":{"line":26,"column":43},"end":{"line":26,"column":54}},"7":{"start":{"line":28,"column":22},"end":{"line":28,"column":90}},"8":{"start":{"line":29,"column":4},"end":{"line":29,"column":28}},"9":{"start":{"line":30,"column":4},"end":{"line":30,"column":21}},"10":{"start":{"line":33,"column":18},"end":{"line":33,"column":53}},"11":{"start":{"line":33,"column":41},"end":{"line":33,"column":52}},"12":{"start":{"line":34,"column":4},"end":{"line":34,"column":34}},"13":{"start":{"line":34,"column":22},"end":{"line":34,"column":34}},"14":{"start":{"line":35,"column":4},"end":{"line":35,"column":59}},"15":{"start":{"line":36,"column":4},"end":{"line":36,"column":26}},"16":{"start":{"line":39,"column":18},"end":{"line":39,"column":53}},"17":{"start":{"line":39,"column":41},"end":{"line":39,"column":52}},"18":{"start":{"line":40,"column":4},"end":{"line":40,"column":35}},"19":{"start":{"line":40,"column":22},"end":{"line":40,"column":35}},"20":{"start":{"line":41,"column":4},"end":{"line":41,"column":29}},"21":{"start":{"line":42,"column":4},"end":{"line":42,"column":16}},"22":{"start":{"line":46,"column":18},"end":{"line":46,"column":23}},"23":{"start":{"line":48,"column":4},"end":{"line":48,"column":25}},"24":{"start":{"line":49,"column":4},"end":{"line":49,"column":20}},"25":{"start":{"line":51,"column":30},"end":{"line":51,"column":64}},"26":{"start":{"line":51,"column":46},"end":{"line":51,"column":63}},"27":{"start":{"line":54,"column":21},"end":{"line":54,"column":34}},"28":{"start":{"line":54,"column":35},"end":{"line":54,"column":46}}},"fnMap":{"0":{"name":"(anonymous_0)","decl":{"start":{"line":25,"column":14},"end":{"line":25,"column":15}},"loc":{"start":{"line":25,"column":20},"end":{"line":25,"column":27}},"line":25},"1":{"name":"(anonymous_1)","decl":{"start":{"line":26,"column":17},"end":{"line":26,"column":18}},"loc":{"start":{"line":26,"column":25},"end":{"line":26,"column":55}},"line":26},"2":{"name":"(anonymous_2)","decl":{"start":{"line":26,"column":38},"end":{"line":26,"column":39}},"loc":{"start":{"line":26,"column":43},"end":{"line":26,"column":54}},"line":26},"3":{"name":"(anonymous_3)","decl":{"start":{"line":27,"column":13},"end":{"line":27,"column":14}},"loc":{"start":{"line":27,"column":29},"end":{"line":31,"column":3}},"line":27},"4":{"name":"(anonymous_4)","decl":{"start":{"line":32,"column":16},"end":{"line":32,"column":17}},"loc":{"start":{"line":32,"column":37},"end":{"line":37,"column":3}},"line":32},"5":{"name":"(anonymous_5)","decl":{"start":{"line":33,"column":36},"end":{"line":33,"column":37}},"loc":{"start":{"line":33,"column":41},"end":{"line":33,"column":52}},"line":33},"6":{"name":"(anonymous_6)","decl":{"start":{"line":38,"column":16},"end":{"line":38,"column":17}},"loc":{"start":{"line":38,"column":24},"end":{"line":43,"column":3}},"line":38},"7":{"name":"(anonymous_7)","decl":{"start":{"line":39,"column":36},"end":{"line":39,"column":37}},"loc":{"start":{"line":39,"column":41},"end":{"line":39,"column":52}},"line":39},"8":{"name":"(anonymous_8)","decl":{"start":{"line":46,"column":12},"end":{"line":46,"column":13}},"loc":{"start":{"line":46,"column":18},"end":{"line":46,"column":23}},"line":46},"9":{"name":"(anonymous_9)","decl":{"start":{"line":47,"column":11},"end":{"line":47,"column":12}},"loc":{"start":{"line":47,"column":25},"end":{"line":50,"column":3}},"line":47},"10":{"name":"(anonymous_10)","decl":{"start":{"line":51,"column":19},"end":{"line":51,"column":20}},"loc":{"start":{"line":51,"column":30},"end":{"line":51,"column":64}},"line":51},"11":{"name":"(anonymous_11)","decl":{"start":{"line":51,"column":41},"end":{"line":51,"column":42}},"loc":{"start":{"line":51,"column":46},"end":{"line":51,"column":63}},"line":51},"12":{"name":"(anonymous_12)","decl":{"start":{"line":54,"column":13},"end":{"line":54,"column":14}},"loc":{"start":{"line":54,"column":19},"end":{"line":54,"column":48}},"line":54}},"branchMap":{"0":{"loc":{"start":{"line":34,"column":4},"end":{"line":34,"column":34}},"type":"if","locations":[{"start":{"line":34,"column":4},"end":{"line":34,"column":34}},{"start":{},"end":{}}],"line":34},"1":{"loc":{"start":{"line":40,"column":4},"end":{"line":40,"column":35}},"type":"if","locations":[{"start":{"line":40,"column":4},"end":{"line":40,"column":35}},{"start":{},"end":{}}],"line":40}},"s":{"0":1,"1":1,"2":1,"3":1,"4":6,"5":0,"6":0,"7":7,"8":7,"9":7,"10":0,"11":0,"12":0,"13":0,"14":0,"15":0,"16":2,"17":1,"18":2,"19":1,"20":1,"21":1,"22":0,"23":3,"24":3,"25":6,"26":2,"27":14,"28":14},"f":{"0":6,"1":0,"2":0,"3":7,"4":0,"5":0,"6":2,"7":1,"8":0,"9":3,"10":6,"11":2,"12":14},"b":{"0":[0,0],"1":[1,1]},"_coverageSchema":"1a1c01bbd47fc00a2c39e90264f33305004495a9","hash":"40de7c079461de94cc069d7a00908185f770b5a2"}
,"C:\\Users\\arian\\skytraq\\server\\src\\routes.js": {"path":"C:\\Users\\arian\\skytraq\\server\\src\\routes.js","statementMap":{"0":{"start":{"line":1,"column":16},"end":{"line":1,"column":34}},"1":{"start":{"line":2,"column":15},"end":{"line":2,"column":31}},"2":{"start":{"line":3,"column":19},"end":{"line":3,"column":42}},"3":{"start":{"line":4,"column":27},"end":{"line":4,"column":50}},"4":{"start":{"line":7,"column":0},"end":{"line":7,"column":55}},"5":{"start":{"line":10,"column":0},"end":{"line":10,"column":49}},"6":{"start":{"line":11,"column":0},"end":{"line":11,"column":65}},"7":{"start":{"line":14,"column":0},"end":{"line":14,"column":53}},"8":{"start":{"line":15,"column":0},"end":{"line":15,"column":68}},"9":{"start":{"line":16,"column":0},"end":{"line":16,"column":55}},"10":{"start":{"line":19,"column":0},"end":{"line":19,"column":46}},"11":{"start":{"line":20,"column":0},"end":{"line":20,"column":40}},"12":{"start":{"line":22,"column":0},"end":{"line":22,"column":24}}},"fnMap":{},"branchMap":{},"s":{"0":1,"1":1,"2":1,"3":1,"4":1,"5":1,"6":1,"7":1,"8":1,"9":1,"10":1,"11":1,"12":1},"f":{},"b":{},"_coverageSchema":"1a1c01bbd47fc00a2c39e90264f33305004495a9","hash":"8348264930861bbd3a1cbce31c991b14e24e381c"}
,"C:\\Users\\arian\\skytraq\\server\\src\\validation.js": {"path":"C:\\Users\\arian\\skytraq\\server\\src\\validation.js","statementMap":{"0":{"start":{"line":1,"column":14},"end":{"line":1,"column":28}},"1":{"start":{"line":4,"column":23},"end":{"line":4,"column":62}},"2":{"start":{"line":6,"column":21},"end":{"line":26,"column":2}},"3":{"start":{"line":28,"column":23},"end":{"line":37,"column":1}},"4":{"start":{"line":29,"column":17},"end":{"line":29,"column":49}},"5":{"start":{"line":30,"column":2},"end":{"line":34,"column":3}},"6":{"start":{"line":32,"column":4},"end":{"line":32,"column":70}},"7":{"start":{"line":33,"column":4},"end":{"line":33,"column":67}},"8":{"start":{"line":35,"column":2},"end":{"line":35,"column":25}},"9":{"start":{"line":36,"column":2},"end":{"line":36,"column":9}},"10":{"start":{"line":39,"column":0},"end":{"line":39,"column":36}}},"fnMap":{"0":{"name":"(anonymous_0)","decl":{"start":{"line":28,"column":23},"end":{"line":28,"column":24}},"loc":{"start":{"line":28,"column":43},"end":{"line":37,"column":1}},"line":28}},"branchMap":{"0":{"loc":{"start":{"line":30,"column":2},"end":{"line":34,"column":3}},"type":"if","locations":[{"start":{"line":30,"column":2},"end":{"line":34,"column":3}},{"start":{},"end":{}}],"line":30}},"s":{"0":1,"1":1,"2":1,"3":1,"4":4,"5":4,"6":1,"7":1,"8":3,"9":3,"10":1},"f":{"0":4},"b":{"0":[1,3]},"_coverageSchema":"1a1c01bbd47fc00a2c39e90264f33305004495a9","hash":"71b86b4d0cd83d97e36ee8a1847e561297f0a984"}
}
