TN:
SF:src\app.js
FN:13,(anonymous_0)
FNF:1
FNH:0
FNDA:0,(anonymous_0)
DA:1,1
DA:2,1
DA:3,1
DA:5,1
DA:7,1
DA:8,1
DA:10,1
DA:12,1
DA:13,0
DA:16,1
LF:10
LH:9
BRDA:12,0,0,0
BRDA:12,0,1,1
BRF:2
BRH:1
end_of_record
TN:
SF:src\controller.js
FN:5,getMinutesBetween
FN:13,(anonymous_1)
FN:21,(anonymous_2)
FN:31,(anonymous_3)
FN:33,(anonymous_4)
FN:34,(anonymous_5)
FN:44,(anonymous_6)
FN:47,(anonymous_7)
FN:55,(anonymous_8)
FN:60,(anonymous_9)
FN:63,(anonymous_10)
FN:73,(anonymous_11)
FN:81,(anonymous_12)
FN:102,(anonymous_13)
FNF:14
FNH:14
FNDA:1,getMinutesBetween
FNDA:1,(anonymous_1)
FNDA:1,(anonymous_2)
FNDA:1,(anonymous_3)
FNDA:1,(anonymous_4)
FNDA:1,(anonymous_5)
FNDA:2,(anonymous_6)
FNDA:1,(anonymous_7)
FNDA:1,(anonymous_8)
FNDA:2,(anonymous_9)
FNDA:1,(anonymous_10)
FNDA:2,(anonymous_11)
FNDA:4,(anonymous_12)
FNDA:2,(anonymous_13)
DA:1,1
DA:2,1
DA:6,1
DA:7,1
DA:8,1
DA:9,1
DA:10,1
DA:13,1
DA:15,1
DA:16,1
DA:17,1
DA:18,1
DA:20,1
DA:21,1
DA:23,1
DA:31,1
DA:32,1
DA:33,1
DA:34,1
DA:36,1
DA:44,1
DA:45,2
DA:46,2
DA:47,2
DA:49,2
DA:50,1
DA:52,1
DA:55,1
DA:56,1
DA:57,1
DA:60,1
DA:61,2
DA:62,2
DA:63,2
DA:65,2
DA:66,1
DA:69,1
DA:70,1
DA:73,1
DA:74,2
DA:75,2
DA:76,1
DA:81,1
DA:82,4
DA:85,4
DA:86,1
DA:90,3
DA:98,3
DA:99,3
DA:102,1
DA:103,2
DA:104,2
DA:106,2
DA:107,1
DA:111,1
DA:112,1
DA:115,1
LF:57
LH:57
BRDA:9,0,0,0
BRDA:9,0,1,1
BRDA:15,1,0,1
BRDA:15,1,1,0
BRDA:16,2,0,1
BRDA:16,2,1,0
BRDA:49,3,0,1
BRDA:49,3,1,1
BRDA:65,4,0,1
BRDA:65,4,1,1
BRDA:75,5,0,1
BRDA:75,5,1,1
BRDA:85,6,0,1
BRDA:85,6,1,3
BRDA:106,7,0,1
BRDA:106,7,1,1
BRDA:106,8,0,2
BRDA:106,8,1,1
BRF:18
BRH:15
end_of_record
TN:
SF:src\data.js
FN:25,(anonymous_0)
FN:26,(anonymous_1)
FN:26,(anonymous_2)
FN:27,(anonymous_3)
FN:32,(anonymous_4)
FN:33,(anonymous_5)
FN:38,(anonymous_6)
FN:39,(anonymous_7)
FN:46,(anonymous_8)
FN:47,(anonymous_9)
FN:51,(anonymous_10)
FN:51,(anonymous_11)
FN:54,(anonymous_12)
FNF:13
FNH:8
FNDA:6,(anonymous_0)
FNDA:0,(anonymous_1)
FNDA:0,(anonymous_2)
FNDA:7,(anonymous_3)
FNDA:0,(anonymous_4)
FNDA:0,(anonymous_5)
FNDA:2,(anonymous_6)
FNDA:1,(anonymous_7)
FNDA:0,(anonymous_8)
FNDA:3,(anonymous_9)
FNDA:6,(anonymous_10)
FNDA:2,(anonymous_11)
FNDA:14,(anonymous_12)
DA:1,1
DA:4,1
DA:21,1
DA:23,1
DA:25,6
DA:26,0
DA:28,7
DA:29,7
DA:30,7
DA:33,0
DA:34,0
DA:35,0
DA:36,0
DA:39,2
DA:40,2
DA:41,1
DA:42,1
DA:46,0
DA:48,3
DA:49,3
DA:51,6
DA:54,14
LF:22
LH:16
BRDA:34,0,0,0
BRDA:34,0,1,0
BRDA:40,1,0,1
BRDA:40,1,1,1
BRF:4
BRH:2
end_of_record
TN:
SF:src\routes.js
FNF:0
FNH:0
DA:1,1
DA:2,1
DA:3,1
DA:4,1
DA:7,1
DA:10,1
DA:11,1
DA:14,1
DA:15,1
DA:16,1
DA:19,1
DA:20,1
DA:22,1
LF:13
LH:13
BRF:0
BRH:0
end_of_record
TN:
SF:src\validation.js
FN:28,(anonymous_0)
FNF:1
FNH:1
FNDA:4,(anonymous_0)
DA:1,1
DA:4,1
DA:6,1
DA:28,1
DA:29,4
DA:30,4
DA:32,1
DA:33,1
DA:35,3
DA:36,3
DA:39,1
LF:11
LH:11
BRDA:30,0,0,1
BRDA:30,0,1,3
BRF:2
BRH:2
end_of_record
